<packageSet>
	<name>test</name>
	<version>2</version>
	<distro>
		<name>debian</name>
		<version>4</version>
	</distro>
	<arch>i386</arch>

	<package name="temp">
		<version>
			<compare>eq</compare>
			<number>1.0</number>
		</version>
	</package>
	
	<package name="temp2">
		<version>
			<compare>eq</compare>
			<number>1.3</number>
		</version>
	</package>
	
	<package name="temp3">
		<version>
			<compare>eq</compare>
			<number>5.0</number>
		</version>
	</package>
	
	<package name="temp4">
		<version>
			<compare>eq</compare>
			<number>2.4</number>
		</version>
	</package>
	
	<package name="temp5">
		<version>
			<compare>eq</compare>
			<number>2.5.1</number>
		</version>
	</package>
</packageSet>
