<packageSet>
	<name> test </name>
	<version> 2 </version>
	<distro>
		<name> debian </name>
		<version> 4 </version>
	</distro>
	<arch> x86 </arch>

	<package name="temp">
		<version>
			<compare> lte </compare>
			<number> 0.9 </number>
		</version>
	</package>
	
	<package name="temp2">
		<version>
			<compare> lte </compare>
			<number> 1.2.5 </number>
		</version>
	</package>
	
	<package name="temp3">
		<version>
			<compare> lte </compare>
			<number> 5.0 </number>
		</version>
	</package>
</packageSet>
