<packageSet>
	<name>test</name>
	<version>2</version>
	<distro>
		<name>debian</name>
		<version>4</version>
	</distro>
	<arch>i386</arch>

	<package name="temp">
		<version>
			<compare>gte</compare>
			<number>0.8</number>
		</version>
	</package>
	
	<package name="temp2">
		<version>
			<compare>gte</compare>
			<number>1.2.3</number>
		</version>
	</package>
	
	<package name="temp3">
		<version>
			<compare>gte</compare>
			<number>4.9</number>
		</version>
	</package>
</packageSet>
