<packageSet>
	<name> test </name>
	<version> 2 </version>
	<distro>
		<name> debian </name>
		<version> 4 </version>
	</distro>
	<arch> x86 </arch>

	<package name="temp">
		<version>
			<compare> eq </compare>
			<number> 1.1 </number>
		</version>
	</package>
	
	<package name="temp2">
		<version>
			<compare> eq </compare>
			<number> 1.2 </number>
		</version>
	</package>
	
	<package name="temp3">
		<version>
			<compare> eq </compare>
			<number> 4.9 </number>
		</version>
	</package>
	
	<package name="temp4">
		<version>
			<compare> eq </compare>
			<number> 2.4.8 </number>
		</version>
	</package>
	
	<package name="temp5">
		<version>
			<compare> eq </compare>
			<number> 2.5.2 </number>
		</version>
	</package>
</packageSet>
